<?xml version="1.0" encoding="UTF-8"?>
<Site BuildName="(empty)"
	BuildStamp="20231107-1414-Experimental"
	Name="(empty)"
	Generator="ctest-3.25.3"
	CompilerName=""
	CompilerVersion=""
	OSName="Windows"
	Hostname="PsychVM"
	OSRelease=" Personal"
	OSVersion=" (Build 22631)"
	OSPlatform="AMD64"
	Is64Bits="1"
	VendorString="GenuineIntel"
	VendorID="Intel Corporation"
	FamilyID="6"
	ModelID="5"
	ProcessorCacheSize="-1"
	NumberOfLogicalCPU="4"
	NumberOfPhysicalCPU="4"
	TotalVirtualMemory="8702"
	TotalPhysicalMemory="8190"
	LogicalProcessorsPerPhysical="1"
	ProcessorClockFrequency="2208"
	>
	<Testing>
		<StartDateTime>Nov 07 21:42 India Standard Time</StartDateTime>
		<StartTestTime>1699373538</StartTestTime>
		<TestList/>
		<EndDateTime>Nov 07 21:42 India Standard Time</EndDateTime>
		<EndTestTime>1699373538</EndTestTime>
		<ElapsedMinutes>0</ElapsedMinutes>
	</Testing>
</Site>
